<?xml version="1.0" encoding="UTF-8"?>
<!-- Generated by org.testng.reporters.JUnitXMLReporter -->
<testsuite ignored="1" hostname="DESKTOP-7UIQ5ON" failures="0" tests="1" name="Login Page Test" time="13.205" errors="0" timestamp="14 Jan 2023 11:01:14 GMT">
  <testcase classname="com.qa.opencart.tests.LoginPageTest" name="loginpageTitleTest" time="0.048"/>
  <testcase classname="com.qa.opencart.tests.LoginPageTest" name="loginPageFooterTest" time="0.0">
    <ignored/>
  </testcase> <!-- loginPageFooterTest -->
</testsuite> <!-- Login Page Test -->
