<?xml version="1.0" encoding="UTF-8"?>
<!-- Generated by org.testng.reporters.JUnitXMLReporter -->
<testsuite ignored="0" hostname="DESKTOP-7UIQ5ON" failures="0" tests="5" name="Register Page Test" time="44.398" errors="0" timestamp="14 Jan 2023 11:01:45 GMT">
  <testcase classname="com.qa.opencart.tests.RegisterPageTest" name="createUserTest" time="4.865">
    <skipped/>
  </testcase> <!-- createUserTest -->
  <testcase classname="com.qa.opencart.tests.RegisterPageTest" name="createUserTest" time="4.493">
    <skipped/>
  </testcase> <!-- createUserTest -->
  <testcase classname="com.qa.opencart.tests.RegisterPageTest" name="createUserTest" time="6.327"/>
  <testcase classname="com.qa.opencart.tests.RegisterPageTest" name="createUserTest" time="6.007"/>
  <testcase classname="com.qa.opencart.tests.RegisterPageTest" name="createUserTest" time="6.117"/>
</testsuite> <!-- Register Page Test -->
